<?xml version="1.0" encoding="UTF-8"?>
<testng-results ignored="0" total="1" passed="1" failed="0" skipped="0">
  <reporter-output>
  </reporter-output>
  <suite started-at="2025-07-30T13:40:40 IST" name="Surefire suite" finished-at="2025-07-30T13:40:40 IST" duration-ms="14">
    <groups>
    </groups>
    <test started-at="2025-07-30T13:40:40 IST" name="Surefire test" finished-at="2025-07-30T13:40:40 IST" duration-ms="14">
      <class name="com.selenium.testNG.testNGCellTech.AppTest">
        <test-method signature="testApp()[pri:0, instance:testApp(com.selenium.testNG.testNGCellTech.AppTest)]" started-at="2025-07-30T13:40:40 IST" name="testApp" finished-at="2025-07-30T13:40:40 IST" duration-ms="1" status="PASS">
          <reporter-output>
          </reporter-output>
        </test-method> <!-- testApp -->
      </class> <!-- com.selenium.testNG.testNGCellTech.AppTest -->
    </test> <!-- Surefire test -->
  </suite> <!-- Surefire suite -->
</testng-results>
