<?xml version="1.0" encoding="UTF-8"?>
<!-- Generated by org.testng.reporters.JUnitReportReporter -->
<testsuite hostname="hp" failures="0" tests="2" name="com.selenium.testNG.testNGCellTech.cellTechFunctionalitiesTest" time="7.788" errors="0" timestamp="2025-07-30T13:40:40 IST" skipped="0">
  <testcase classname="com.selenium.testNG.testNGCellTech.cellTechFunctionalitiesTest" name="hometab" time="0.698"/>
  <testcase classname="com.selenium.testNG.testNGCellTech.cellTechFunctionalitiesTest" name="contactUS" time="7.090"/>
</testsuite> <!-- com.selenium.testNG.testNGCellTech.cellTechFunctionalitiesTest -->
