<?xml version="1.0" encoding="UTF-8"?>
<!-- Generated by org.testng.reporters.JUnitXMLReporter -->
<testsuite ignored="0" hostname="hp" failures="0" tests="2" name="Surefire test" time="14.034" errors="0" timestamp="2025-07-30T13:40:40 IST">
  <testcase classname="com.selenium.testNG.testNGCellTech.cellTechFunctionalitiesTest" name="hometab" time="0.698"/>
  <testcase classname="com.selenium.testNG.testNGCellTech.cellTechFunctionalitiesTest" name="contactUS" time="7.09"/>
</testsuite> <!-- Surefire test -->
