<?xml version="1.0" encoding="UTF-8"?>
<testng-results ignored="0" total="2" passed="2" failed="0" skipped="0">
  <reporter-output>
  </reporter-output>
  <suite started-at="2025-07-30T13:40:26 IST" name="Surefire suite" finished-at="2025-07-30T13:40:40 IST" duration-ms="14034">
    <groups>
    </groups>
    <test started-at="2025-07-30T13:40:26 IST" name="Surefire test" finished-at="2025-07-30T13:40:40 IST" duration-ms="14034">
      <class name="com.selenium.testNG.testNGCellTech.cellTechFunctionalitiesTest">
        <test-method is-config="true" signature="setup()[pri:0, instance:com.selenium.testNG.testNGCellTech.cellTechFunctionalitiesTest@4386f16]" started-at="2025-07-30T13:40:26 IST" name="setup" finished-at="2025-07-30T13:40:32 IST" duration-ms="6198" status="PASS">
          <reporter-output>
          </reporter-output>
        </test-method> <!-- setup -->
        <test-method signature="hometab()[pri:1, instance:com.selenium.testNG.testNGCellTech.cellTechFunctionalitiesTest@4386f16]" started-at="2025-07-30T13:40:32 IST" name="hometab" finished-at="2025-07-30T13:40:33 IST" duration-ms="698" status="PASS">
          <reporter-output>
          </reporter-output>
        </test-method> <!-- hometab -->
        <test-method signature="contactUS()[pri:2, instance:com.selenium.testNG.testNGCellTech.cellTechFunctionalitiesTest@4386f16]" started-at="2025-07-30T13:40:33 IST" name="contactUS" finished-at="2025-07-30T13:40:40 IST" duration-ms="7090" status="PASS">
          <reporter-output>
          </reporter-output>
        </test-method> <!-- contactUS -->
      </class> <!-- com.selenium.testNG.testNGCellTech.cellTechFunctionalitiesTest -->
    </test> <!-- Surefire test -->
  </suite> <!-- Surefire suite -->
</testng-results>
