<?xml version="1.0" encoding="UTF-8"?>
<testsuite xmlns:xsi="http://www.w3.org/2001/XMLSchema-instance" xsi:noNamespaceSchemaLocation="https://maven.apache.org/surefire/maven-surefire-plugin/xsd/surefire-test-report-3.0.xsd" version="3.0" name="TestSuite" time="14.813" tests="3" errors="0" skipped="0" failures="0">
  <properties>
[...]
</properties>
  <testcase name="hometab" classname="com.selenium.testNG.testNGCellTech.cellTechFunctionalitiesTest" time="0.699">
    <system-out><![CDATA[✅ Edge Browser Title: Cell Tech Inc. | Enterprise IT Solution Experts
✔️ Element found and visible: The IT Solutions Experts for Education
]]></system-out>
    <system-err><![CDATA[SLF4J: Failed to load class "org.slf4j.impl.StaticLoggerBinder".
SLF4J: Defaulting to no-operation (NOP) logger implementation
SLF4J: See http://www.slf4j.org/codes.html#StaticLoggerBinder for further details.
Jul 30, 2025 1:40:28 PM org.openqa.selenium.devtools.CdpVersionFinder findNearestMatch
WARNING: Unable to find CDP implementation matching 138
Jul 30, 2025 1:40:28 PM org.openqa.selenium.chromium.ChromiumDriver lambda$new$5
WARNING: Unable to find version of CDP to use for 138.0.3351.121. You may need to include a dependency on a specific version of the CDP using something similar to `org.seleniumhq.selenium:selenium-devtools-v86:4.21.0` where the version ("v86") matches the version of the chromium-based browser you're using and the version number of the artifact is the same as Selenium's.
]]></system-err>
  </testcase>
  <testcase name="contactUS" classname="com.selenium.testNG.testNGCellTech.cellTechFunctionalitiesTest" time="7.091">
    <system-out><![CDATA[Element not found...!
]]></system-out>
  </testcase>
  <testcase name="testApp on testApp(com.selenium.testNG.testNGCellTech.AppTest)" classname="com.selenium.testNG.testNGCellTech.AppTest" time="7.283"/>
</testsuite>